CC Alg 5
g_done_timer 30000000000
g_thread_cnt 1
g_abort_penalty 10000000
g_zipf_theta 0.600000
g_node_id 0
g_client_rem_thread_cnt 1
g_client_send_thread_cnt 1
g_max_txn_per_part 500000
g_load_per_server 100
g_inflight_max 10000
g_mpr 1.000000
g_mpitem 0.010000
g_part_per_txn 1
g_req_per_query 10
g_client_node_cnt 1
g_rem_thread_cnt 1
g_send_thread_cnt 1
g_client_thread_cnt 2
g_num_wh 1
g_perc_payment 0.000000
g_wh_update 1
g_part_cnt 1
g_node_cnt 1
g_thread_cnt 1
g_query_intvl 1
g_prt_lat_distr 0
g_part_alloc 0
g_mem_pad 1
g_perc_multi_part 1.000000
g_tup_read_perc 0.500000
g_tup_write_perc 0.500000
g_txn_read_perc 0.500000
g_txn_write_perc 0.500000
g_synth_table_size 16777216
g_max_part_key 10000
g_max_product_key 1000
g_max_supplier_key 1000
g_field_per_tuple 10
g_data_perc 100.000000
g_access_perc 0.030000
g_strict_ppt 0
g_network_delay 0
g_total_thread_cnt 4
g_total_client_thread_cnt 4
g_total_node_cnt 2
g_seq_batch_time_limit 5000000
Random seed: 294479687265510
Initializing stats... Done
Initializing global manager... Done
Initializing transport manager... Tport Init 0: 5
Reading ifconfig file: ./ifconfig.txt
0: 10.77.70.202
1: 10.77.70.202
2 2
Port ID:  0, 1 -> 0 : 18001
Sock Binding to ipc://node_18001.ipc 0
Port ID:  0, 0 -> 1 : 18002
Sock Connecting to ipc://node_18002.ipc 0 -> 1
Done
Initializing simulation... Done
Initializing schema... Index init with 16777216 buckets
Done
Initializing table... Thd 0 inserted 500000 keys 7.964159
Thd 1 inserted 500000 keys 19.358202
Thd 2 inserted 500000 keys 19.429920
Thd 7 inserted 500000 keys 19.477837
Thd 6 inserted 500000 keys 19.595759
Thd 5 inserted 500000 keys 19.872689
Thd 3 inserted 500000 keys 19.874759
Thd 4 inserted 500000 keys 19.899924
Thd 0 inserted 1000000 keys 23.638324
Thd 2 inserted 1000000 keys 29.293729
Thd 7 inserted 1000000 keys 29.337993
Thd 6 inserted 1000000 keys 29.377801
Thd 1 inserted 1000000 keys 29.412761
Thd 3 inserted 1000000 keys 29.570279
Thd 5 inserted 1000000 keys 29.684797
Thd 4 inserted 1000000 keys 29.729386
Thd 0 inserted 1500000 keys 31.480150
Thd 0 inserted 2000000 keys 37.808582
Thd 7 inserted 1500000 keys 38.514161
Thd 1 inserted 1500000 keys 38.597685
Thd 2 inserted 1500000 keys 38.653313
Thd 6 inserted 1500000 keys 38.703361
Thd 4 inserted 1500000 keys 38.897678
Thd 5 inserted 1500000 keys 38.932411
Thd 3 inserted 1500000 keys 38.937466
Thd 0 inserted 2097152 keys
Thd 7 inserted 2000000 keys 46.047248
Thd 1 inserted 2000000 keys 46.110871
Thd 2 inserted 2000000 keys 46.197056
Thd 6 inserted 2000000 keys 46.232158
Thd 4 inserted 2000000 keys 46.336740
Thd 5 inserted 2000000 keys 46.368599
Thd 3 inserted 2000000 keys 46.409251
Thd 7 inserted 2097152 keys
Thd 1 inserted 2097152 keys
Thd 2 inserted 2097152 keys
Thd 6 inserted 2097152 keys
Thd 4 inserted 2097152 keys
Thd 5 inserted 2097152 keys
Thd 3 inserted 2097152 keys
Done
Workload initialized!
Initializing work queue... Done
Initializing abort queue... Done
Initializing message queue... Done
Initializing transaction manager pool... Done
Initializing transaction pool... Done
Initializing row pool... Done
Initializing access pool... Done
Initializing txn node table pool... Done
Initializing query pool... Done
Initializing msg pool... Done
Initializing transaction table... Done
1, 1, 1, 1 
all_thd_cnt: 4, g_this_total_thread_cnt: 4 
Initialization Time = 48059532673
Setup 0:0
Setup 0:1
Setup 0:2
Setup 0:3
Send INIT_DONE to 1
Running 0:0
Received INIT_DONE from node 1
Running 0:1
Running 0:3
Running 0:2
Starttime set to 294527749882669
Running WorkerThread 0
Running InputThread 1
Running OutputThread 2
Running AbortThread 3
[prog] total_runtime=12.309027,tput=0.081241,txn_cnt=1,remote_txn_cnt=0,local_txn_cnt=0,local_txn_start_cnt=0,total_txn_commit_cnt=1,local_txn_commit_cnt=1,remote_txn_commit_cnt=0,total_txn_abort_cnt=0,unique_txn_abort_cnt=0,local_txn_abort_cnt=0,remote_txn_abort_cnt=0,txn_run_time=12.277580,txn_run_avg_time=12.277580,multi_part_txn_cnt=0,multi_part_txn_run_time=0.000000,multi_part_txn_avg_time=0.000000,single_part_txn_cnt=1,single_part_txn_run_time=12.277580,single_part_txn_avg_time=12.277580,txn_write_cnt=0,record_write_cnt=0,parts_touched=1,avg_parts_touched=1.000000,ts_alloc_time=0.000000,abort_time=0.000000,txn_manager_time=2.824813,txn_index_time=0.000002,txn_validate_time=0.000000,txn_cleanup_time=0.000001,txn_total_process_time=12.277573,txn_process_time=12.277573,txn_total_local_wait_time=0.000000,txn_local_wait_time=0.000000,txn_total_remote_wait_time=0.000000,txn_remote_wait_time=0.000000,txn_total_twopc_time=0.000000,txn_twopc_time=0.000000,txn_total_process_time_avg=12.277573,txn_process_time_avg=12.277573,txn_total_local_wait_time_avg=0.000000,txn_local_wait_time_avg=0.000000,txn_total_remote_wait_time_avg=0.000000,txn_remote_wait_time_avg=0.000000,txn_total_twopc_time_avg=0.000000,txn_twopc_time_avg=0.000000,abort_queue_enqueue_cnt=0,abort_queue_dequeue_cnt=0,abort_queue_enqueue_time=0.000000,abort_queue_dequeue_time=0.000000,abort_queue_penalty=0.000000,abort_queue_penalty_extra=0.000000,abort_queue_penalty_avg=0.000000,abort_queue_penalty_extra_avg=0.000000,work_queue_wait_time=0.000000,work_queue_cnt=0,work_queue_enq_cnt=6,work_queue_wait_avg_time=0.000000,work_queue_mtx_wait_time=0.000000,work_queue_mtx_wait_avg=0.000000,work_queue_new_cnt=0,work_queue_new_wait_time=0.000000,work_queue_new_wait_avg_time=0.000000,work_queue_old_cnt=0,work_queue_old_wait_time=0.000000,work_queue_old_wait_avg_time=0.000000,work_queue_enqueue_time=0.000008,work_queue_dequeue_time=0.000000,work_queue_conflict_cnt=0,worker_idle_time=0.000000,worker_activate_txn_time=0.000000,worker_deactivate_txn_time=0.000000,worker_release_msg_time=0.000001,worker_process_time=12.277639,worker_process_cnt=1,worker_process_avg_time=12.277639,proc_cnt_type0=0,proc_time_type0=0.000000,proc_cnt_type1=0,proc_time_type1=0.000000,proc_cnt_type2=0,proc_time_type2=0.000000,proc_cnt_type3=1,proc_time_type3=12.277639,proc_cnt_type4=0,proc_time_type4=0.000000,proc_cnt_type5=0,proc_time_type5=0.000000,proc_cnt_type6=0,proc_time_type6=0.000000,proc_cnt_type7=0,proc_time_type7=0.000000,proc_cnt_type8=0,proc_time_type8=0.000000,proc_cnt_type9=0,proc_time_type9=0.000000,proc_cnt_type10=0,proc_time_type10=0.000000,proc_cnt_type11=0,proc_time_type11=0.000000,proc_cnt_type12=0,proc_time_type12=0.000000,proc_cnt_type13=0,proc_time_type13=0.000000,proc_cnt_type14=0,proc_time_type14=0.000000,proc_cnt_type15=0,proc_time_type15=0.000000,proc_cnt_type16=0,proc_time_type16=0.000000,proc_cnt_type17=0,proc_time_type17=0.000000,proc_cnt_type18=0,proc_time_type18=0.000000,proc_cnt_type19=0,proc_time_type19=0.000000,proc_cnt_type20=0,proc_time_type20=0.000000,proc_cnt_type21=0,proc_time_type21=0.000000,proc_cnt_type22=0,proc_time_type22=0.000000,proc_cnt_type23=0,proc_time_type23=0.000000,proc_cnt_type24=0,proc_time_type24=0.000000,msg_queue_delay_time=0.000003,msg_queue_cnt=1,msg_queue_enq_cnt=1,msg_queue_delay_time_avg=0.000003,msg_send_time=0.000000,msg_send_time_avg=0.000000,msg_recv_time=3.135511,msg_recv_time_avg=0.522585,msg_recv_idle_time=0.000000,msg_batch_cnt=0,msg_batch_size_msgs=0,msg_batch_size_msgs_avg=0.000000,msg_batch_size_bytes=0,msg_batch_size_bytes_avg=0.000000,msg_batch_size_bytes_to_server=0,msg_batch_size_bytes_to_client=0,msg_send_cnt=0,msg_recv_cnt=6,msg_unpack_time=0.421916,msg_unpack_time_avg=0.070319,mbuf_send_intv_time=0.000000,mbuf_send_intv_time_avg=0.000000,msg_copy_output_time=0.000012,cc_conflict_cnt=0,txn_wait_cnt=0,txn_conflict_cnt=0,twopl_already_owned_cnt=0,twopl_owned_cnt=0,twopl_sh_owned_cnt=0,twopl_ex_owned_cnt=0,twopl_sh_bypass_cnt=0,twopl_owned_time=0.000000,twopl_sh_owned_time=0.000000,twopl_ex_owned_time=0.000000,twopl_sh_owned_avg_time=0.000000,twopl_ex_owned_avg_time=0.000000,twopl_diff_time=0.000000,twopl_wait_time=0.000000,twopl_getlock_cnt=0,twopl_getlock_time=0.000000,twopl_release_cnt=0,twopl_release_time=0.000000,seq_txn_cnt=0,seq_batch_cnt=0,seq_full_batch_cnt=0,seq_ack_time=0.000000,seq_batch_time=0.000000,seq_process_cnt=0,seq_complete_cnt=0,seq_process_time=0.000000,seq_prep_time=0.000000,seq_idle_time=0.000000,seq_queue_wait_time=0.000000,seq_queue_cnt=0,seq_queue_enq_cnt=0,seq_queue_wait_avg_time=0.000000,seq_queue_enqueue_time=0.000000,seq_queue_dequeue_time=0.000000,sched_queue_wait_time=0.000000,sched_queue_cnt=0,sched_queue_enq_cnt=0,sched_queue_wait_avg_time=0.000000,sched_queue_enqueue_time=0.000000,sched_queue_dequeue_time=0.000000,calvin_sched_time=0.000000,sched_idle_time=0.000000,sched_txn_table_time=0.000000,sched_epoch_cnt=0,sched_epoch_diff=0.000000,occ_validate_time=0.000000,occ_cs_wait_time=0.000000,occ_cs_time=0.000000,occ_hist_validate_time=0.000000,occ_act_validate_time=0.000000,occ_hist_validate_fail_time=0.000000,occ_act_validate_fail_time=0.000000,occ_check_cnt=0,occ_abort_check_cnt=0,occ_ts_abort_cnt=0,occ_finish_time=0.000000,maat_validate_cnt=0,maat_validate_time=0.000000,maat_validate_avg=0.000000,maat_cs_wait_time=0.000000,maat_cs_wait_avg=0.000000,maat_case1_cnt=0,maat_case2_cnt=0,maat_case3_cnt=0,maat_case4_cnt=0,maat_case5_cnt=0,maat_range=0.000000,maat_commit_cnt=0,maat_commit_avg=0,maat_range_avg=0.000000,wkdb_validate_cnt=0,wkdb_validate_time=0.000000,wkdb_validate_avg=0.000000,wkdb_cs_wait_time=0.000000,wkdb_cs_wait_avg=0.000000,wkdb_case1_cnt=0,wkdb_case2_cnt=0,wkdb_case3_cnt=0,wkdb_case4_cnt=0,wkdb_case5_cnt=0,wkdb_range=0.000000,wkdb_commit_cnt=0,wkdb_commit_avg=0,wkdb_range_avg=0.000000,log_write_cnt=0,log_write_time=0.000000,log_write_avg_time=0.000000,log_flush_cnt=0,log_flush_time=0.000000,log_flush_avg_time=0.000000,log_process_time=0.000000,txn_table_new_cnt=0,txn_table_get_cnt=0,txn_table_release_cnt=1,txn_table_cflt_cnt=0,txn_table_cflt_size=0,txn_table_get_time=0.000000,txn_table_release_time=0.000028,txn_table_min_ts_time=0.000000,txn_table_get_avg_time=0.000000,txn_table_release_avg_time=0.000028,mtx0=0.000018,mtx1=0.000005,mtx2=0.000000,mtx3=0.000002,mtx4=0.982341,mtx5=0.000008,mtx6=0.000000,mtx7=0.000000,mtx8=0.000001,mtx9=1.775658,mtx10=0.000000,mtx11=0.371423,mtx12=0.000000,mtx13=0.000006,mtx14=0.000000,mtx15=0.000000,mtx16=0.000000,mtx17=0.000000,mtx18=0.000000,mtx19=0.000000,mtx20=0.000000,mtx21=0.000000,mtx22=0.000000,mtx23=0.000000,mtx24=0.000000,mtx25=0.000000,mtx26=0.000026,mtx27=0.000001,mtx28=3.557428,mtx29=0.000014,mtx30=0.000000,mtx31=0.000000,mtx32=0.000000,mtx33=0.000000,mtx34=0.000000,mtx35=0.000000,mtx36=0.000000,mtx37=0.000000,mtx38=0.000000,mtx39=0.000000,lat_work_queue_time=0.000000,lat_msg_queue_time=0.000000,lat_cc_block_time=0.000000,lat_cc_time=0.000000,lat_process_time=0.000000,lat_abort_time=0.000000,lat_network_time=0.000000,lat_other_time=0.000000,lat_l_loc_work_queue_time=0.000000,lat_l_loc_msg_queue_time=0.000000,lat_l_loc_cc_block_time=0.000000,lat_l_loc_cc_time=12.277041,lat_l_loc_process_time=12.277573,lat_l_loc_abort_time=0.000000,lat_short_work_queue_time=0.000000,lat_short_msg_queue_time=0.000000,lat_short_cc_block_time=0.000000,lat_short_cc_time=12.277041,lat_short_process_time=12.277573,lat_short_network_time=0.000000,lat_short_batch_time=0.000000,lat_s_loc_work_queue_time=0.000000,lat_s_loc_msg_queue_time=0.000000,lat_s_loc_cc_block_time=0.000000,lat_s_loc_cc_time=12.277041,lat_s_loc_process_time=12.277573,lat_l_rem_work_queue_time=0.000000,lat_l_rem_msg_queue_time=0.000000,lat_l_rem_cc_block_time=0.000000,lat_l_rem_cc_time=0.000000,lat_l_rem_process_time=0.000000,lat_s_rem_work_queue_time=0.000000,lat_s_rem_msg_queue_time=0.000000,lat_s_rem_cc_block_time=0.000000,lat_s_rem_cc_time=0.000000,lat_s_rem_process_time=0.000000,virt_mem_usage=23114404,phys_mem_usage=22762100,cpu_ttl=0.000255

[prog] total_runtime=23.576868,tput=0.169658,txn_cnt=4,remote_txn_cnt=0,local_txn_cnt=0,local_txn_start_cnt=3,total_txn_commit_cnt=4,local_txn_commit_cnt=4,remote_txn_commit_cnt=0,total_txn_abort_cnt=0,unique_txn_abort_cnt=0,local_txn_abort_cnt=0,remote_txn_abort_cnt=0,txn_run_time=23.545126,txn_run_avg_time=5.886282,multi_part_txn_cnt=0,multi_part_txn_run_time=0.000000,multi_part_txn_avg_time=0.000000,single_part_txn_cnt=4,single_part_txn_run_time=23.545126,single_part_txn_avg_time=5.886282,txn_write_cnt=0,record_write_cnt=0,parts_touched=4,avg_parts_touched=1.000000,ts_alloc_time=0.000005,abort_time=0.000000,txn_manager_time=14.092265,txn_index_time=0.000045,txn_validate_time=0.000000,txn_cleanup_time=0.000003,txn_total_process_time=23.545107,txn_process_time=23.545107,txn_total_local_wait_time=0.000000,txn_local_wait_time=0.000000,txn_total_remote_wait_time=0.000000,txn_remote_wait_time=0.000000,txn_total_twopc_time=0.000000,txn_twopc_time=0.000000,txn_total_process_time_avg=5.886277,txn_process_time_avg=5.886277,txn_total_local_wait_time_avg=0.000000,txn_local_wait_time_avg=0.000000,txn_total_remote_wait_time_avg=0.000000,txn_remote_wait_time_avg=0.000000,txn_total_twopc_time_avg=0.000000,txn_twopc_time_avg=0.000000,abort_queue_enqueue_cnt=0,abort_queue_dequeue_cnt=0,abort_queue_enqueue_time=0.000000,abort_queue_dequeue_time=0.000000,abort_queue_penalty=0.000000,abort_queue_penalty_extra=0.000000,abort_queue_penalty_avg=0.000000,abort_queue_penalty_extra_avg=0.000000,work_queue_wait_time=50.562338,work_queue_cnt=3,work_queue_enq_cnt=353,work_queue_wait_avg_time=16.854113,work_queue_mtx_wait_time=0.000000,work_queue_mtx_wait_avg=0.000000,work_queue_new_cnt=3,work_queue_new_wait_time=50.562338,work_queue_new_wait_avg_time=16.854113,work_queue_old_cnt=0,work_queue_old_wait_time=0.000000,work_queue_old_wait_avg_time=0.000000,work_queue_enqueue_time=0.497009,work_queue_dequeue_time=0.000005,work_queue_conflict_cnt=0,worker_idle_time=0.000000,worker_activate_txn_time=0.000000,worker_deactivate_txn_time=0.000000,worker_release_msg_time=0.000003,worker_process_time=23.545253,worker_process_cnt=4,worker_process_avg_time=5.886313,proc_cnt_type0=0,proc_time_type0=0.000000,proc_cnt_type1=0,proc_time_type1=0.000000,proc_cnt_type2=0,proc_time_type2=0.000000,proc_cnt_type3=4,proc_time_type3=23.545253,proc_cnt_type4=0,proc_time_type4=0.000000,proc_cnt_type5=0,proc_time_type5=0.000000,proc_cnt_type6=0,proc_time_type6=0.000000,proc_cnt_type7=0,proc_time_type7=0.000000,proc_cnt_type8=0,proc_time_type8=0.000000,proc_cnt_type9=0,proc_time_type9=0.000000,proc_cnt_type10=0,proc_time_type10=0.000000,proc_cnt_type11=0,proc_time_type11=0.000000,proc_cnt_type12=0,proc_time_type12=0.000000,proc_cnt_type13=0,proc_time_type13=0.000000,proc_cnt_type14=0,proc_time_type14=0.000000,proc_cnt_type15=0,proc_time_type15=0.000000,proc_cnt_type16=0,proc_time_type16=0.000000,proc_cnt_type17=0,proc_time_type17=0.000000,proc_cnt_type18=0,proc_time_type18=0.000000,proc_cnt_type19=0,proc_time_type19=0.000000,proc_cnt_type20=0,proc_time_type20=0.000000,proc_cnt_type21=0,proc_time_type21=0.000000,proc_cnt_type22=0,proc_time_type22=0.000000,proc_cnt_type23=0,proc_time_type23=0.000000,proc_cnt_type24=0,proc_time_type24=0.000000,msg_queue_delay_time=0.000019,msg_queue_cnt=4,msg_queue_enq_cnt=4,msg_queue_delay_time_avg=0.000005,msg_send_time=0.000102,msg_send_time_avg=0.000034,msg_recv_time=10.047299,msg_recv_time_avg=0.028463,msg_recv_idle_time=0.000000,msg_batch_cnt=3,msg_batch_size_msgs=3,msg_batch_size_msgs_avg=1.000000,msg_batch_size_bytes=288,msg_batch_size_bytes_avg=96.000000,msg_batch_size_bytes_to_server=0,msg_batch_size_bytes_to_client=288,msg_send_cnt=3,msg_recv_cnt=353,msg_unpack_time=4.026608,msg_unpack_time_avg=0.011407,mbuf_send_intv_time=0.000001,mbuf_send_intv_time_avg=0.000000,msg_copy_output_time=0.000015,cc_conflict_cnt=0,txn_wait_cnt=0,txn_conflict_cnt=0,twopl_already_owned_cnt=0,twopl_owned_cnt=0,twopl_sh_owned_cnt=0,twopl_ex_owned_cnt=0,twopl_sh_bypass_cnt=0,twopl_owned_time=0.000000,twopl_sh_owned_time=0.000000,twopl_ex_owned_time=0.000000,twopl_sh_owned_avg_time=0.000000,twopl_ex_owned_avg_time=0.000000,twopl_diff_time=0.000000,twopl_wait_time=0.000000,twopl_getlock_cnt=0,twopl_getlock_time=0.000000,twopl_release_cnt=0,twopl_release_time=0.000000,seq_txn_cnt=0,seq_batch_cnt=0,seq_full_batch_cnt=0,seq_ack_time=0.000000,seq_batch_time=0.000000,seq_process_cnt=0,seq_complete_cnt=0,seq_process_time=0.000000,seq_prep_time=0.000000,seq_idle_time=0.000000,seq_queue_wait_time=0.000000,seq_queue_cnt=0,seq_queue_enq_cnt=0,seq_queue_wait_avg_time=0.000000,seq_queue_enqueue_time=0.000000,seq_queue_dequeue_time=0.000000,sched_queue_wait_time=0.000000,sched_queue_cnt=0,sched_queue_enq_cnt=0,sched_queue_wait_avg_time=0.000000,sched_queue_enqueue_time=0.000000,sched_queue_dequeue_time=0.000000,calvin_sched_time=0.000000,sched_idle_time=0.000000,sched_txn_table_time=0.000000,sched_epoch_cnt=0,sched_epoch_diff=0.000000,occ_validate_time=0.000000,occ_cs_wait_time=0.000000,occ_cs_time=0.000000,occ_hist_validate_time=0.000000,occ_act_validate_time=0.000000,occ_hist_validate_fail_time=0.000000,occ_act_validate_fail_time=0.000000,occ_check_cnt=0,occ_abort_check_cnt=0,occ_ts_abort_cnt=0,occ_finish_time=0.000000,maat_validate_cnt=0,maat_validate_time=0.000000,maat_validate_avg=0.000000,maat_cs_wait_time=0.000000,maat_cs_wait_avg=0.000000,maat_case1_cnt=0,maat_case2_cnt=0,maat_case3_cnt=0,maat_case4_cnt=0,maat_case5_cnt=0,maat_range=0.000000,maat_commit_cnt=0,maat_commit_avg=0,maat_range_avg=0.000000,wkdb_validate_cnt=0,wkdb_validate_time=0.000000,wkdb_validate_avg=0.000000,wkdb_cs_wait_time=0.000000,wkdb_cs_wait_avg=0.000000,wkdb_case1_cnt=0,wkdb_case2_cnt=0,wkdb_case3_cnt=0,wkdb_case4_cnt=0,wkdb_case5_cnt=0,wkdb_range=0.000000,wkdb_commit_cnt=0,wkdb_commit_avg=0,wkdb_range_avg=0.000000,log_write_cnt=0,log_write_time=0.000000,log_write_avg_time=0.000000,log_flush_cnt=0,log_flush_time=0.000000,log_flush_avg_time=0.000000,log_process_time=0.000000,txn_table_new_cnt=3,txn_table_get_cnt=3,txn_table_release_cnt=4,txn_table_cflt_cnt=0,txn_table_cflt_size=0,txn_table_get_time=0.000012,txn_table_release_time=0.000063,txn_table_min_ts_time=0.000000,txn_table_get_avg_time=0.000004,txn_table_release_avg_time=0.000016,mtx0=0.000029,mtx1=0.000018,mtx2=0.000000,mtx3=0.000008,mtx4=3.686289,mtx5=0.474719,mtx6=0.000000,mtx7=0.000001,mtx8=0.000002,mtx9=10.932550,mtx10=0.000138,mtx11=1.652391,mtx12=0.000104,mtx13=0.496962,mtx14=0.000004,mtx15=0.000002,mtx16=0.000001,mtx17=0.000000,mtx18=0.000000,mtx19=0.000000,mtx20=0.000000,mtx21=0.000002,mtx22=0.000008,mtx23=0.000000,mtx24=0.000000,mtx25=0.000001,mtx26=0.000056,mtx27=0.000003,mtx28=14.073934,mtx29=0.497126,mtx30=0.000000,mtx31=0.000000,mtx32=0.000000,mtx33=0.000000,mtx34=0.000000,mtx35=0.000000,mtx36=0.000000,mtx37=0.000000,mtx38=0.000000,mtx39=0.000000,lat_work_queue_time=0.000000,lat_msg_queue_time=0.000000,lat_cc_block_time=0.000000,lat_cc_time=0.000000,lat_process_time=0.000000,lat_abort_time=0.000000,lat_network_time=0.000000,lat_other_time=0.000000,lat_l_loc_work_queue_time=0.000000,lat_l_loc_msg_queue_time=0.000000,lat_l_loc_cc_block_time=0.000000,lat_l_loc_cc_time=23.544386,lat_l_loc_process_time=23.545107,lat_l_loc_abort_time=0.000000,lat_short_work_queue_time=0.000000,lat_short_msg_queue_time=0.000000,lat_short_cc_block_time=0.000000,lat_short_cc_time=23.544386,lat_short_process_time=23.545107,lat_short_network_time=0.000000,lat_short_batch_time=0.000000,lat_s_loc_work_queue_time=0.000000,lat_s_loc_msg_queue_time=0.000000,lat_s_loc_cc_block_time=0.000000,lat_s_loc_cc_time=23.544386,lat_s_loc_process_time=23.545107,lat_l_rem_work_queue_time=0.000000,lat_l_rem_msg_queue_time=0.000000,lat_l_rem_cc_block_time=0.000000,lat_l_rem_cc_time=0.000000,lat_l_rem_process_time=0.000000,lat_s_rem_work_queue_time=0.000000,lat_s_rem_msg_queue_time=0.000000,lat_s_rem_cc_block_time=0.000000,lat_s_rem_cc_time=0.000000,lat_s_rem_process_time=0.000000,virt_mem_usage=23114404,phys_mem_usage=22762432,cpu_ttl=0.018727

FINISH 0:2
FINISH 0:1
FINISH 0:0
PASS! SimTime = 100.798195
[summary] total_runtime=65.062274,tput=0.107589,txn_cnt=7,remote_txn_cnt=0,local_txn_cnt=0,local_txn_start_cnt=6,total_txn_commit_cnt=7,local_txn_commit_cnt=7,remote_txn_commit_cnt=0,total_txn_abort_cnt=0,unique_txn_abort_cnt=0,local_txn_abort_cnt=0,remote_txn_abort_cnt=0,txn_run_time=100.762965,txn_run_avg_time=14.394709,multi_part_txn_cnt=0,multi_part_txn_run_time=0.000000,multi_part_txn_avg_time=0.000000,single_part_txn_cnt=7,single_part_txn_run_time=100.762965,single_part_txn_avg_time=14.394709,txn_write_cnt=0,record_write_cnt=0,parts_touched=7,avg_parts_touched=1.000000,ts_alloc_time=0.000009,abort_time=0.000000,txn_manager_time=20.169530,txn_index_time=0.000072,txn_validate_time=0.000000,txn_cleanup_time=71.140498,txn_total_process_time=29.622443,txn_process_time=29.622443,txn_total_local_wait_time=0.000000,txn_local_wait_time=0.000000,txn_total_remote_wait_time=0.000000,txn_remote_wait_time=0.000000,txn_total_twopc_time=0.000000,txn_twopc_time=0.000000,txn_total_process_time_avg=4.231778,txn_process_time_avg=4.231778,txn_total_local_wait_time_avg=0.000000,txn_local_wait_time_avg=0.000000,txn_total_remote_wait_time_avg=0.000000,txn_remote_wait_time_avg=0.000000,txn_total_twopc_time_avg=0.000000,txn_twopc_time_avg=0.000000,abort_queue_enqueue_cnt=0,abort_queue_dequeue_cnt=0,abort_queue_enqueue_time=0.000000,abort_queue_dequeue_time=0.000000,abort_queue_penalty=0.000000,abort_queue_penalty_extra=0.000000,abort_queue_penalty_avg=0.000000,abort_queue_penalty_extra_avg=0.000000,work_queue_wait_time=127.784778,work_queue_cnt=6,work_queue_enq_cnt=880,work_queue_wait_avg_time=21.297463,work_queue_mtx_wait_time=0.000000,work_queue_mtx_wait_avg=0.000000,work_queue_new_cnt=6,work_queue_new_wait_time=127.784778,work_queue_new_wait_avg_time=21.297463,work_queue_old_cnt=0,work_queue_old_wait_time=0.000000,work_queue_old_wait_avg_time=0.000000,work_queue_enqueue_time=1.123242,work_queue_dequeue_time=0.000010,work_queue_conflict_cnt=0,worker_idle_time=0.000000,worker_activate_txn_time=0.000001,worker_deactivate_txn_time=0.000001,worker_release_msg_time=0.000005,worker_process_time=100.763187,worker_process_cnt=7,worker_process_avg_time=14.394741,proc_cnt_type0=0,proc_time_type0=0.000000,proc_cnt_type1=0,proc_time_type1=0.000000,proc_cnt_type2=0,proc_time_type2=0.000000,proc_cnt_type3=7,proc_time_type3=100.763187,proc_cnt_type4=0,proc_time_type4=0.000000,proc_cnt_type5=0,proc_time_type5=0.000000,proc_cnt_type6=0,proc_time_type6=0.000000,proc_cnt_type7=0,proc_time_type7=0.000000,proc_cnt_type8=0,proc_time_type8=0.000000,proc_cnt_type9=0,proc_time_type9=0.000000,proc_cnt_type10=0,proc_time_type10=0.000000,proc_cnt_type11=0,proc_time_type11=0.000000,proc_cnt_type12=0,proc_time_type12=0.000000,proc_cnt_type13=0,proc_time_type13=0.000000,proc_cnt_type14=0,proc_time_type14=0.000000,proc_cnt_type15=0,proc_time_type15=0.000000,proc_cnt_type16=0,proc_time_type16=0.000000,proc_cnt_type17=0,proc_time_type17=0.000000,proc_cnt_type18=0,proc_time_type18=0.000000,proc_cnt_type19=0,proc_time_type19=0.000000,proc_cnt_type20=0,proc_time_type20=0.000000,proc_cnt_type21=0,proc_time_type21=0.000000,proc_cnt_type22=0,proc_time_type22=0.000000,proc_cnt_type23=0,proc_time_type23=0.000000,proc_cnt_type24=0,proc_time_type24=0.000000,msg_queue_delay_time=0.000079,msg_queue_cnt=6,msg_queue_enq_cnt=7,msg_queue_delay_time_avg=0.000013,msg_send_time=0.161289,msg_send_time_avg=0.026882,msg_recv_time=58.875513,msg_recv_time_avg=0.066904,msg_recv_idle_time=0.000000,msg_batch_cnt=6,msg_batch_size_msgs=6,msg_batch_size_msgs_avg=1.000000,msg_batch_size_bytes=576,msg_batch_size_bytes_avg=96.000000,msg_batch_size_bytes_to_server=0,msg_batch_size_bytes_to_client=576,msg_send_cnt=6,msg_recv_cnt=880,msg_unpack_time=5.841739,msg_unpack_time_avg=0.006638,mbuf_send_intv_time=0.000002,mbuf_send_intv_time_avg=0.000000,msg_copy_output_time=0.000019,cc_conflict_cnt=0,txn_wait_cnt=0,txn_conflict_cnt=0,twopl_already_owned_cnt=0,twopl_owned_cnt=0,twopl_sh_owned_cnt=0,twopl_ex_owned_cnt=0,twopl_sh_bypass_cnt=0,twopl_owned_time=0.000000,twopl_sh_owned_time=0.000000,twopl_ex_owned_time=0.000000,twopl_sh_owned_avg_time=0.000000,twopl_ex_owned_avg_time=0.000000,twopl_diff_time=0.000000,twopl_wait_time=0.000000,twopl_getlock_cnt=0,twopl_getlock_time=0.000000,twopl_release_cnt=0,twopl_release_time=0.000000,seq_txn_cnt=0,seq_batch_cnt=0,seq_full_batch_cnt=0,seq_ack_time=0.000000,seq_batch_time=0.000000,seq_process_cnt=0,seq_complete_cnt=0,seq_process_time=0.000000,seq_prep_time=0.000000,seq_idle_time=0.000000,seq_queue_wait_time=0.000000,seq_queue_cnt=0,seq_queue_enq_cnt=0,seq_queue_wait_avg_time=0.000000,seq_queue_enqueue_time=0.000000,seq_queue_dequeue_time=0.000000,sched_queue_wait_time=0.000000,sched_queue_cnt=0,sched_queue_enq_cnt=0,sched_queue_wait_avg_time=0.000000,sched_queue_enqueue_time=0.000000,sched_queue_dequeue_time=0.000000,calvin_sched_time=0.000000,sched_idle_time=0.000000,sched_txn_table_time=0.000000,sched_epoch_cnt=0,sched_epoch_diff=0.000000,occ_validate_time=0.000000,occ_cs_wait_time=0.000000,occ_cs_time=0.000000,occ_hist_validate_time=0.000000,occ_act_validate_time=0.000000,occ_hist_validate_fail_time=0.000000,occ_act_validate_fail_time=0.000000,occ_check_cnt=0,occ_abort_check_cnt=0,occ_ts_abort_cnt=0,occ_finish_time=0.000000,maat_validate_cnt=0,maat_validate_time=0.000000,maat_validate_avg=0.000000,maat_cs_wait_time=0.000000,maat_cs_wait_avg=0.000000,maat_case1_cnt=0,maat_case2_cnt=0,maat_case3_cnt=0,maat_case4_cnt=0,maat_case5_cnt=0,maat_range=0.000000,maat_commit_cnt=0,maat_commit_avg=0,maat_range_avg=0.000000,wkdb_validate_cnt=0,wkdb_validate_time=0.000000,wkdb_validate_avg=0.000000,wkdb_cs_wait_time=0.000000,wkdb_cs_wait_avg=0.000000,wkdb_case1_cnt=0,wkdb_case2_cnt=0,wkdb_case3_cnt=0,wkdb_case4_cnt=0,wkdb_case5_cnt=0,wkdb_range=0.000000,wkdb_commit_cnt=0,wkdb_commit_avg=0,wkdb_range_avg=0.000000,log_write_cnt=0,log_write_time=0.000000,log_write_avg_time=0.000000,log_flush_cnt=0,log_flush_time=0.000000,log_flush_avg_time=0.000000,log_process_time=0.000000,txn_table_new_cnt=6,txn_table_get_cnt=6,txn_table_release_cnt=7,txn_table_cflt_cnt=0,txn_table_cflt_size=0,txn_table_get_time=0.000023,txn_table_release_time=0.000117,txn_table_min_ts_time=0.000000,txn_table_get_avg_time=0.000004,txn_table_release_avg_time=0.000017,mtx0=0.000049,mtx1=0.000037,mtx2=0.000000,mtx3=0.000016,mtx4=50.429493,mtx5=0.655501,mtx6=0.000000,mtx7=0.000002,mtx8=0.000004,mtx9=62.348151,mtx10=1.075449,mtx11=3.200515,mtx12=0.161294,mtx13=1.123142,mtx14=0.000008,mtx15=0.000003,mtx16=0.000003,mtx17=0.000000,mtx18=0.000000,mtx19=0.000000,mtx20=0.000000,mtx21=0.000003,mtx22=0.000015,mtx23=0.000001,mtx24=0.000001,mtx25=0.000002,mtx26=0.000103,mtx27=0.000008,mtx28=64.717306,mtx29=1.296357,mtx30=0.000000,mtx31=0.000000,mtx32=0.000000,mtx33=0.000000,mtx34=0.000000,mtx35=0.000000,mtx36=0.000000,mtx37=0.000000,mtx38=0.000000,mtx39=0.000000,lat_work_queue_time=0.000000,lat_msg_queue_time=0.000000,lat_cc_block_time=0.000000,lat_cc_time=0.000000,lat_process_time=0.000000,lat_abort_time=0.000000,lat_network_time=0.000000,lat_other_time=0.000000,lat_l_loc_work_queue_time=0.000000,lat_l_loc_msg_queue_time=0.000000,lat_l_loc_cc_block_time=0.000000,lat_l_loc_cc_time=100.762076,lat_l_loc_process_time=29.622443,lat_l_loc_abort_time=0.000000,lat_short_work_queue_time=0.000000,lat_short_msg_queue_time=0.000000,lat_short_cc_block_time=0.000000,lat_short_cc_time=100.762076,lat_short_process_time=29.622443,lat_short_network_time=0.000000,lat_short_batch_time=0.000000,lat_s_loc_work_queue_time=0.000000,lat_s_loc_msg_queue_time=0.000000,lat_s_loc_cc_block_time=0.000000,lat_s_loc_cc_time=100.762076,lat_s_loc_process_time=29.622443,lat_l_rem_work_queue_time=0.000000,lat_l_rem_msg_queue_time=0.000000,lat_l_rem_cc_block_time=0.000000,lat_l_rem_cc_time=0.000000,lat_l_rem_process_time=0.000000,lat_s_rem_work_queue_time=0.000000,lat_s_rem_msg_queue_time=0.000000,lat_s_rem_cc_block_time=0.000000,lat_s_rem_cc_time=0.000000,lat_s_rem_process_time=0.000000,fscl0=1.936859,fscl1=1.936859,fscl10=1.936859,fscl25=2.278741,fscl50=3.105597,fscl75=12.277580,fscl90=73.002239,fscl95=73.002239,fscl96=73.002239,fscl97=73.002239,fscl98=73.002239,fscl99=73.002239,fscl100=73.002239,fscl_avg=14.394709,fscl_cnt=7,lscl0=1.936859,lscl1=1.936859,lscl10=1.936859,lscl25=2.278741,lscl50=3.105597,lscl75=12.277580,lscl90=73.002239,lscl95=73.002239,lscl96=73.002239,lscl97=73.002239,lscl98=73.002239,lscl99=73.002239,lscl100=73.002239,lscl_avg=14.394709,lscl_cnt=7,sacl0=1.936859,sacl1=1.936859,sacl10=1.936859,sacl25=2.278741,sacl50=3.105597,sacl75=12.277580,sacl90=73.002239,sacl95=73.002239,sacl96=73.002239,sacl97=73.002239,sacl98=73.002239,sacl99=73.002239,sacl100=73.002239,sacl_avg=14.394709,sacl_cnt=7,virt_mem_usage=23114404,phys_mem_usage=22763044,cpu_ttl=0.002733


