This file contains any messages produced by compilers while
running configure, to aid debugging if configure makes a mistake.

It was created by memcached configure 1.4.21, which was
generated by GNU Autoconf 2.69.  Invocation command line was

  $ ./configure 

## --------- ##
## Platform. ##
## --------- ##

hostname = gp-seg4
uname -m = x86_64
uname -r = 3.10.0-1127.19.1.el7.x86_64
uname -s = Linux
uname -v = #1 SMP Tue Aug 25 17:23:54 UTC 2020

/usr/bin/uname -p = x86_64
/bin/uname -X     = unknown

/bin/arch              = x86_64
/usr/bin/arch -k       = unknown
/usr/convex/getsysinfo = unknown
/usr/bin/hostinfo      = unknown
/bin/machine           = unknown
/usr/bin/oslevel       = unknown
/bin/universe          = unknown

PATH: /usr/local/sbin
PATH: /usr/local/bin
PATH: /usr/sbin
PATH: /usr/bin
PATH: /usr/local/git/bin
PATH: /usr/local/git/bin
PATH: /usr/local/server/git/bin
PATH: /home/ljy/.local/bin
PATH: /home/ljy/bin


## ----------- ##
## Core tests. ##
## ----------- ##

configure:2331: checking build system type
configure:2345: result: x86_64-unknown-linux-gnu
configure:2365: checking host system type
configure:2378: result: x86_64-unknown-linux-gnu
configure:2398: checking target system type
configure:2411: result: x86_64-unknown-linux-gnu
configure:2455: checking for a BSD-compatible install
configure:2523: result: /usr/bin/install -c
configure:2534: checking whether build environment is sane
configure:2589: result: yes
configure:2740: checking for a thread-safe mkdir -p
configure:2779: result: /usr/bin/mkdir -p
configure:2786: checking for gawk
configure:2802: found /usr/bin/gawk
configure:2813: result: gawk
configure:2824: checking whether make sets $(MAKE)
configure:2846: result: yes
configure:2875: checking whether make supports nested variables
configure:2892: result: yes
configure:3069: checking for gcc
configure:3085: found /usr/bin/gcc
configure:3096: result: gcc
configure:3325: checking for C compiler version
configure:3334: gcc --version >&5
gcc (GCC) 6.4.0
Copyright (C) 2017 Free Software Foundation, Inc.
This is free software; see the source for copying conditions.  There is NO
warranty; not even for MERCHANTABILITY or FITNESS FOR A PARTICULAR PURPOSE.

configure:3345: $? = 0
configure:3334: gcc -v >&5
Using built-in specs.
COLLECT_GCC=gcc
COLLECT_LTO_WRAPPER=/usr/libexec/gcc/x86_64-pc-linux-gnu/6.4.0/lto-wrapper
Target: x86_64-pc-linux-gnu
Configured with: ../configure --prefix=/usr --mandir=/usr/share/man --infodir=/usr/share/info --enable-bootstrap --enable-shared --enable-threads=posix --enable-checking=release --with-system-zlib --enable-languages=c,c++ --enable-threads=posix --disable-multilib
Thread model: posix
gcc version 6.4.0 (GCC) 
configure:3345: $? = 0
configure:3334: gcc -V >&5
gcc: error: unrecognized command line option '-V'
gcc: fatal error: no input files
compilation terminated.
configure:3345: $? = 1
configure:3334: gcc -qversion >&5
gcc: error: unrecognized command line option '-qversion'; did you mean '--version'?
gcc: fatal error: no input files
compilation terminated.
configure:3345: $? = 1
configure:3365: checking whether the C compiler works
configure:3387: gcc    conftest.c  >&5
configure:3391: $? = 0
configure:3439: result: yes
configure:3442: checking for C compiler default output file name
configure:3444: result: a.out
configure:3450: checking for suffix of executables
configure:3457: gcc -o conftest    conftest.c  >&5
configure:3461: $? = 0
configure:3483: result: 
configure:3505: checking whether we are cross compiling
configure:3513: gcc -o conftest    conftest.c  >&5
configure:3517: $? = 0
configure:3524: ./conftest
configure:3528: $? = 0
configure:3543: result: no
configure:3548: checking for suffix of object files
configure:3570: gcc -c   conftest.c >&5
configure:3574: $? = 0
configure:3595: result: o
configure:3599: checking whether we are using the GNU C compiler
configure:3618: gcc -c   conftest.c >&5
configure:3618: $? = 0
configure:3627: result: yes
configure:3636: checking whether gcc accepts -g
configure:3656: gcc -c -g  conftest.c >&5
configure:3656: $? = 0
configure:3697: result: yes
configure:3714: checking for gcc option to accept ISO C89
configure:3777: gcc  -c -g -O2  conftest.c >&5
configure:3777: $? = 0
configure:3790: result: none needed
configure:3815: checking whether gcc understands -c and -o together
configure:3837: gcc -c conftest.c -o conftest2.o
configure:3840: $? = 0
configure:3837: gcc -c conftest.c -o conftest2.o
configure:3840: $? = 0
configure:3852: result: yes
configure:3880: checking for style of include used by make
configure:3908: result: GNU
configure:3934: checking dependency style of gcc
configure:4045: result: gcc3
configure:4069: checking how to run the C preprocessor
configure:4100: gcc -E  conftest.c
configure:4100: $? = 0
configure:4114: gcc -E  conftest.c
conftest.c:11:28: fatal error: ac_nonexistent.h: No such file or directory
 #include <ac_nonexistent.h>
                            ^
compilation terminated.
configure:4114: $? = 1
configure: failed program was:
| /* confdefs.h */
| #define PACKAGE_NAME "memcached"
| #define PACKAGE_TARNAME "memcached"
| #define PACKAGE_VERSION "1.4.21"
| #define PACKAGE_STRING "memcached 1.4.21"
| #define PACKAGE_BUGREPORT "memcached@googlegroups.com"
| #define PACKAGE_URL ""
| #define PACKAGE "memcached"
| #define VERSION "1.4.21"
| /* end confdefs.h.  */
| #include <ac_nonexistent.h>
configure:4139: result: gcc -E
configure:4159: gcc -E  conftest.c
configure:4159: $? = 0
configure:4173: gcc -E  conftest.c
conftest.c:11:28: fatal error: ac_nonexistent.h: No such file or directory
 #include <ac_nonexistent.h>
                            ^
compilation terminated.
configure:4173: $? = 1
configure: failed program was:
| /* confdefs.h */
| #define PACKAGE_NAME "memcached"
| #define PACKAGE_TARNAME "memcached"
| #define PACKAGE_VERSION "1.4.21"
| #define PACKAGE_STRING "memcached 1.4.21"
| #define PACKAGE_BUGREPORT "memcached@googlegroups.com"
| #define PACKAGE_URL ""
| #define PACKAGE "memcached"
| #define VERSION "1.4.21"
| /* end confdefs.h.  */
| #include <ac_nonexistent.h>
configure:4202: checking for grep that handles long lines and -e
configure:4260: result: /usr/bin/grep
configure:4265: checking for egrep
configure:4327: result: /usr/bin/grep -E
configure:4334: checking for icc in use
configure:4343: result: no
configure:4363: checking for clang in use
configure:4380: gcc -c -g -O2  conftest.c >&5
conftest.c: In function 'main':
conftest.c:17:12: error: unknown type name 'not'
            not clang
            ^~~
configure:4380: $? = 1
configure: failed program was:
| /* confdefs.h */
| #define PACKAGE_NAME "memcached"
| #define PACKAGE_TARNAME "memcached"
| #define PACKAGE_VERSION "1.4.21"
| #define PACKAGE_STRING "memcached 1.4.21"
| #define PACKAGE_BUGREPORT "memcached@googlegroups.com"
| #define PACKAGE_URL ""
| #define PACKAGE "memcached"
| #define VERSION "1.4.21"
| /* end confdefs.h.  */
| 
| int
| main ()
| {
| 
|     #ifndef __clang__
|            not clang
|     #endif
| 
|   ;
|   return 0;
| }
configure:4386: result: no
configure:4395: checking for ANSI C header files
configure:4415: gcc -c -g -O2  conftest.c >&5
configure:4415: $? = 0
configure:4488: gcc -o conftest -g -O2   conftest.c  >&5
configure:4488: $? = 0
configure:4488: ./conftest
configure:4488: $? = 0
configure:4499: result: yes
configure:4512: checking for sys/types.h
configure:4512: gcc -c -g -O2  conftest.c >&5
configure:4512: $? = 0
configure:4512: result: yes
configure:4512: checking for sys/stat.h
configure:4512: gcc -c -g -O2  conftest.c >&5
configure:4512: $? = 0
configure:4512: result: yes
configure:4512: checking for stdlib.h
configure:4512: gcc -c -g -O2  conftest.c >&5
configure:4512: $? = 0
configure:4512: result: yes
configure:4512: checking for string.h
configure:4512: gcc -c -g -O2  conftest.c >&5
configure:4512: $? = 0
configure:4512: result: yes
configure:4512: checking for memory.h
configure:4512: gcc -c -g -O2  conftest.c >&5
configure:4512: $? = 0
configure:4512: result: yes
configure:4512: checking for strings.h
configure:4512: gcc -c -g -O2  conftest.c >&5
configure:4512: $? = 0
configure:4512: result: yes
configure:4512: checking for inttypes.h
configure:4512: gcc -c -g -O2  conftest.c >&5
configure:4512: $? = 0
configure:4512: result: yes
configure:4512: checking for stdint.h
configure:4512: gcc -c -g -O2  conftest.c >&5
configure:4512: $? = 0
configure:4512: result: yes
configure:4512: checking for unistd.h
configure:4512: gcc -c -g -O2  conftest.c >&5
configure:4512: $? = 0
configure:4512: result: yes
configure:4525: checking whether __SUNPRO_C is declared
configure:4525: gcc -c -g -O2  conftest.c >&5
conftest.c: In function 'main':
conftest.c:61:10: error: '__SUNPRO_C' undeclared (first use in this function)
   (void) __SUNPRO_C;
          ^~~~~~~~~~
conftest.c:61:10: note: each undeclared identifier is reported only once for each function it appears in
configure:4525: $? = 1
configure: failed program was:
| /* confdefs.h */
| #define PACKAGE_NAME "memcached"
| #define PACKAGE_TARNAME "memcached"
| #define PACKAGE_VERSION "1.4.21"
| #define PACKAGE_STRING "memcached 1.4.21"
| #define PACKAGE_BUGREPORT "memcached@googlegroups.com"
| #define PACKAGE_URL ""
| #define PACKAGE "memcached"
| #define VERSION "1.4.21"
| #define STDC_HEADERS 1
| #define HAVE_SYS_TYPES_H 1
| #define HAVE_SYS_STAT_H 1
| #define HAVE_STDLIB_H 1
| #define HAVE_STRING_H 1
| #define HAVE_MEMORY_H 1
| #define HAVE_STRINGS_H 1
| #define HAVE_INTTYPES_H 1
| #define HAVE_STDINT_H 1
| #define HAVE_UNISTD_H 1
| /* end confdefs.h.  */
| #include <stdio.h>
| #ifdef HAVE_SYS_TYPES_H
| # include <sys/types.h>
| #endif
| #ifdef HAVE_SYS_STAT_H
| # include <sys/stat.h>
| #endif
| #ifdef STDC_HEADERS
| # include <stdlib.h>
| # include <stddef.h>
| #else
| # ifdef HAVE_STDLIB_H
| #  include <stdlib.h>
| # endif
| #endif
| #ifdef HAVE_STRING_H
| # if !defined STDC_HEADERS && defined HAVE_MEMORY_H
| #  include <memory.h>
| # endif
| # include <string.h>
| #endif
| #ifdef HAVE_STRINGS_H
| # include <strings.h>
| #endif
| #ifdef HAVE_INTTYPES_H
| # include <inttypes.h>
| #endif
| #ifdef HAVE_STDINT_H
| # include <stdint.h>
| #endif
| #ifdef HAVE_UNISTD_H
| # include <unistd.h>
| #endif
| int
| main ()
| {
| #ifndef __SUNPRO_C
| #ifdef __cplusplus
|   (void) __SUNPRO_C;
| #else
|   (void) __SUNPRO_C;
| #endif
| #endif
| 
|   ;
|   return 0;
| }
configure:4525: result: no
configure:4546: checking for gcc option to accept ISO C99
configure:4695: gcc  -c -g -O2 -pthread  conftest.c >&5
configure:4695: $? = 0
configure:4708: result: none needed
configure:4749: checking sasl/sasl.h usability
configure:4749: gcc -c -g -O2 -pthread  conftest.c >&5
conftest.c:54:23: fatal error: sasl/sasl.h: No such file or directory
 #include <sasl/sasl.h>
                       ^
compilation terminated.
configure:4749: $? = 1
configure: failed program was:
| /* confdefs.h */
| #define PACKAGE_NAME "memcached"
| #define PACKAGE_TARNAME "memcached"
| #define PACKAGE_VERSION "1.4.21"
| #define PACKAGE_STRING "memcached 1.4.21"
| #define PACKAGE_BUGREPORT "memcached@googlegroups.com"
| #define PACKAGE_URL ""
| #define PACKAGE "memcached"
| #define VERSION "1.4.21"
| #define STDC_HEADERS 1
| #define HAVE_SYS_TYPES_H 1
| #define HAVE_SYS_STAT_H 1
| #define HAVE_STDLIB_H 1
| #define HAVE_STRING_H 1
| #define HAVE_MEMORY_H 1
| #define HAVE_STRINGS_H 1
| #define HAVE_INTTYPES_H 1
| #define HAVE_STDINT_H 1
| #define HAVE_UNISTD_H 1
| /* end confdefs.h.  */
| #include <stdio.h>
| #ifdef HAVE_SYS_TYPES_H
| # include <sys/types.h>
| #endif
| #ifdef HAVE_SYS_STAT_H
| # include <sys/stat.h>
| #endif
| #ifdef STDC_HEADERS
| # include <stdlib.h>
| # include <stddef.h>
| #else
| # ifdef HAVE_STDLIB_H
| #  include <stdlib.h>
| # endif
| #endif
| #ifdef HAVE_STRING_H
| # if !defined STDC_HEADERS && defined HAVE_MEMORY_H
| #  include <memory.h>
| # endif
| # include <string.h>
| #endif
| #ifdef HAVE_STRINGS_H
| # include <strings.h>
| #endif
| #ifdef HAVE_INTTYPES_H
| # include <inttypes.h>
| #endif
| #ifdef HAVE_STDINT_H
| # include <stdint.h>
| #endif
| #ifdef HAVE_UNISTD_H
| # include <unistd.h>
| #endif
| #include <sasl/sasl.h>
configure:4749: result: no
configure:4749: checking sasl/sasl.h presence
configure:4749: gcc -E  conftest.c
conftest.c:21:23: fatal error: sasl/sasl.h: No such file or directory
 #include <sasl/sasl.h>
                       ^
compilation terminated.
configure:4749: $? = 1
configure: failed program was:
| /* confdefs.h */
| #define PACKAGE_NAME "memcached"
| #define PACKAGE_TARNAME "memcached"
| #define PACKAGE_VERSION "1.4.21"
| #define PACKAGE_STRING "memcached 1.4.21"
| #define PACKAGE_BUGREPORT "memcached@googlegroups.com"
| #define PACKAGE_URL ""
| #define PACKAGE "memcached"
| #define VERSION "1.4.21"
| #define STDC_HEADERS 1
| #define HAVE_SYS_TYPES_H 1
| #define HAVE_SYS_STAT_H 1
| #define HAVE_STDLIB_H 1
| #define HAVE_STRING_H 1
| #define HAVE_MEMORY_H 1
| #define HAVE_STRINGS_H 1
| #define HAVE_INTTYPES_H 1
| #define HAVE_STDINT_H 1
| #define HAVE_UNISTD_H 1
| /* end confdefs.h.  */
| #include <sasl/sasl.h>
configure:4749: result: no
configure:4749: checking for sasl/sasl.h
configure:4749: result: no
configure:4979: checking for gcov
configure:4997: found /usr/bin/gcov
configure:5010: result: /usr/bin/gcov
configure:5020: checking for main in -lgcov
configure:5039: gcc -o conftest -g -O2 -pthread -pthread   conftest.c -lgcov   >&5
configure:5039: $? = 0
configure:5048: result: yes
configure:5207: checking for library containing clock_gettime
configure:5238: gcc -o conftest -g -O2 -pthread -pthread   conftest.c  >&5
configure:5238: $? = 0
configure:5255: result: none required
configure:5265: checking for library containing socket
configure:5296: gcc -o conftest -g -O2 -pthread -pthread   conftest.c  >&5
configure:5296: $? = 0
configure:5313: result: none required
configure:5321: checking for library containing gethostbyname
configure:5352: gcc -o conftest -g -O2 -pthread -pthread   conftest.c  >&5
configure:5352: $? = 0
configure:5369: result: none required
configure:5394: checking for libevent directory
configure:5438: gcc -o conftest -g -O2 -pthread -pthread   conftest.c -levent  >&5
configure:5438: $? = 0
configure:5474: result: (system)
configure:5493: checking for library containing umem_cache_create
configure:5524: gcc -o conftest -g -O2 -pthread -pthread   conftest.c -levent  >&5
/tmp/ccgELwjY.o: In function `main':
/home/ljy/sigmod21-deneva-zhangq/libmemcached-1.0.14/memcached-1.4.21/conftest.c:32: undefined reference to `umem_cache_create'
collect2: error: ld returned 1 exit status
configure:5524: $? = 1
configure: failed program was:
| /* confdefs.h */
| #define PACKAGE_NAME "memcached"
| #define PACKAGE_TARNAME "memcached"
| #define PACKAGE_VERSION "1.4.21"
| #define PACKAGE_STRING "memcached 1.4.21"
| #define PACKAGE_BUGREPORT "memcached@googlegroups.com"
| #define PACKAGE_URL ""
| #define PACKAGE "memcached"
| #define VERSION "1.4.21"
| #define STDC_HEADERS 1
| #define HAVE_SYS_TYPES_H 1
| #define HAVE_SYS_STAT_H 1
| #define HAVE_STDLIB_H 1
| #define HAVE_STRING_H 1
| #define HAVE_MEMORY_H 1
| #define HAVE_STRINGS_H 1
| #define HAVE_INTTYPES_H 1
| #define HAVE_STDINT_H 1
| #define HAVE_UNISTD_H 1
| /* end confdefs.h.  */
| 
| /* Override any GCC internal prototype to avoid an error.
|    Use char because int might match the return type of a GCC
|    builtin and then its argument prototype would still apply.  */
| #ifdef __cplusplus
| extern "C"
| #endif
| char umem_cache_create ();
| int
| main ()
| {
| return umem_cache_create ();
|   ;
|   return 0;
| }
configure:5524: gcc -o conftest -g -O2 -pthread -pthread   conftest.c -lumem  -levent  >&5
/usr/bin/ld: cannot find -lumem
collect2: error: ld returned 1 exit status
configure:5524: $? = 1
configure: failed program was:
| /* confdefs.h */
| #define PACKAGE_NAME "memcached"
| #define PACKAGE_TARNAME "memcached"
| #define PACKAGE_VERSION "1.4.21"
| #define PACKAGE_STRING "memcached 1.4.21"
| #define PACKAGE_BUGREPORT "memcached@googlegroups.com"
| #define PACKAGE_URL ""
| #define PACKAGE "memcached"
| #define VERSION "1.4.21"
| #define STDC_HEADERS 1
| #define HAVE_SYS_TYPES_H 1
| #define HAVE_SYS_STAT_H 1
| #define HAVE_STDLIB_H 1
| #define HAVE_STRING_H 1
| #define HAVE_MEMORY_H 1
| #define HAVE_STRINGS_H 1
| #define HAVE_INTTYPES_H 1
| #define HAVE_STDINT_H 1
| #define HAVE_UNISTD_H 1
| /* end confdefs.h.  */
| 
| /* Override any GCC internal prototype to avoid an error.
|    Use char because int might match the return type of a GCC
|    builtin and then its argument prototype would still apply.  */
| #ifdef __cplusplus
| extern "C"
| #endif
| char umem_cache_create ();
| int
| main ()
| {
| return umem_cache_create ();
|   ;
|   return 0;
| }
configure:5541: result: no
configure:5549: checking for library containing gethugepagesizes
configure:5580: gcc -o conftest -g -O2 -pthread -pthread   conftest.c -levent  >&5
/tmp/ccK9UInb.o: In function `main':
/home/ljy/sigmod21-deneva-zhangq/libmemcached-1.0.14/memcached-1.4.21/conftest.c:32: undefined reference to `gethugepagesizes'
collect2: error: ld returned 1 exit status
configure:5580: $? = 1
configure: failed program was:
| /* confdefs.h */
| #define PACKAGE_NAME "memcached"
| #define PACKAGE_TARNAME "memcached"
| #define PACKAGE_VERSION "1.4.21"
| #define PACKAGE_STRING "memcached 1.4.21"
| #define PACKAGE_BUGREPORT "memcached@googlegroups.com"
| #define PACKAGE_URL ""
| #define PACKAGE "memcached"
| #define VERSION "1.4.21"
| #define STDC_HEADERS 1
| #define HAVE_SYS_TYPES_H 1
| #define HAVE_SYS_STAT_H 1
| #define HAVE_STDLIB_H 1
| #define HAVE_STRING_H 1
| #define HAVE_MEMORY_H 1
| #define HAVE_STRINGS_H 1
| #define HAVE_INTTYPES_H 1
| #define HAVE_STDINT_H 1
| #define HAVE_UNISTD_H 1
| /* end confdefs.h.  */
| 
| /* Override any GCC internal prototype to avoid an error.
|    Use char because int might match the return type of a GCC
|    builtin and then its argument prototype would still apply.  */
| #ifdef __cplusplus
| extern "C"
| #endif
| char gethugepagesizes ();
| int
| main ()
| {
| return gethugepagesizes ();
|   ;
|   return 0;
| }
configure:5580: gcc -o conftest -g -O2 -pthread -pthread   conftest.c -lhugetlbfs  -levent  >&5
/usr/bin/ld: cannot find -lhugetlbfs
collect2: error: ld returned 1 exit status
configure:5580: $? = 1
configure: failed program was:
| /* confdefs.h */
| #define PACKAGE_NAME "memcached"
| #define PACKAGE_TARNAME "memcached"
| #define PACKAGE_VERSION "1.4.21"
| #define PACKAGE_STRING "memcached 1.4.21"
| #define PACKAGE_BUGREPORT "memcached@googlegroups.com"
| #define PACKAGE_URL ""
| #define PACKAGE "memcached"
| #define VERSION "1.4.21"
| #define STDC_HEADERS 1
| #define HAVE_SYS_TYPES_H 1
| #define HAVE_SYS_STAT_H 1
| #define HAVE_STDLIB_H 1
| #define HAVE_STRING_H 1
| #define HAVE_MEMORY_H 1
| #define HAVE_STRINGS_H 1
| #define HAVE_INTTYPES_H 1
| #define HAVE_STDINT_H 1
| #define HAVE_UNISTD_H 1
| /* end confdefs.h.  */
| 
| /* Override any GCC internal prototype to avoid an error.
|    Use char because int might match the return type of a GCC
|    builtin and then its argument prototype would still apply.  */
| #ifdef __cplusplus
| extern "C"
| #endif
| char gethugepagesizes ();
| int
| main ()
| {
| return gethugepagesizes ();
|   ;
|   return 0;
| }
configure:5597: result: no
configure:5606: checking for stdbool.h that conforms to C99
configure:5673: gcc -c -g -O2 -pthread -pthread  conftest.c >&5
configure:5673: $? = 0
configure:5680: result: yes
configure:5682: checking for _Bool
configure:5682: gcc -c -g -O2 -pthread -pthread  conftest.c >&5
configure:5682: $? = 0
configure:5682: gcc -c -g -O2 -pthread -pthread  conftest.c >&5
conftest.c: In function 'main':
conftest.c:57:20: error: expected expression before ')' token
 if (sizeof ((_Bool)))
                    ^
configure:5682: $? = 1
configure: failed program was:
| /* confdefs.h */
| #define PACKAGE_NAME "memcached"
| #define PACKAGE_TARNAME "memcached"
| #define PACKAGE_VERSION "1.4.21"
| #define PACKAGE_STRING "memcached 1.4.21"
| #define PACKAGE_BUGREPORT "memcached@googlegroups.com"
| #define PACKAGE_URL ""
| #define PACKAGE "memcached"
| #define VERSION "1.4.21"
| #define STDC_HEADERS 1
| #define HAVE_SYS_TYPES_H 1
| #define HAVE_SYS_STAT_H 1
| #define HAVE_STDLIB_H 1
| #define HAVE_STRING_H 1
| #define HAVE_MEMORY_H 1
| #define HAVE_STRINGS_H 1
| #define HAVE_INTTYPES_H 1
| #define HAVE_STDINT_H 1
| #define HAVE_UNISTD_H 1
| /* end confdefs.h.  */
| #include <stdio.h>
| #ifdef HAVE_SYS_TYPES_H
| # include <sys/types.h>
| #endif
| #ifdef HAVE_SYS_STAT_H
| # include <sys/stat.h>
| #endif
| #ifdef STDC_HEADERS
| # include <stdlib.h>
| # include <stddef.h>
| #else
| # ifdef HAVE_STDLIB_H
| #  include <stdlib.h>
| # endif
| #endif
| #ifdef HAVE_STRING_H
| # if !defined STDC_HEADERS && defined HAVE_MEMORY_H
| #  include <memory.h>
| # endif
| # include <string.h>
| #endif
| #ifdef HAVE_STRINGS_H
| # include <strings.h>
| #endif
| #ifdef HAVE_INTTYPES_H
| # include <inttypes.h>
| #endif
| #ifdef HAVE_STDINT_H
| # include <stdint.h>
| #endif
| #ifdef HAVE_UNISTD_H
| # include <unistd.h>
| #endif
| int
| main ()
| {
| if (sizeof ((_Bool)))
| 	    return 0;
|   ;
|   return 0;
| }
configure:5682: result: yes
configure:5703: checking for inttypes.h
configure:5703: result: yes
configure:5718: checking for sasl_callback_ft
configure:5742: gcc -c -g -O2 -pthread -pthread  conftest.c >&5
conftest.c: In function 'main':
conftest.c:34:5: error: unknown type name 'sasl_callback_ft'
     sasl_callback_ft a_callback;
     ^~~~~~~~~~~~~~~~
configure:5742: $? = 1
configure: failed program was:
| /* confdefs.h */
| #define PACKAGE_NAME "memcached"
| #define PACKAGE_TARNAME "memcached"
| #define PACKAGE_VERSION "1.4.21"
| #define PACKAGE_STRING "memcached 1.4.21"
| #define PACKAGE_BUGREPORT "memcached@googlegroups.com"
| #define PACKAGE_URL ""
| #define PACKAGE "memcached"
| #define VERSION "1.4.21"
| #define STDC_HEADERS 1
| #define HAVE_SYS_TYPES_H 1
| #define HAVE_SYS_STAT_H 1
| #define HAVE_STDLIB_H 1
| #define HAVE_STRING_H 1
| #define HAVE_MEMORY_H 1
| #define HAVE_STRINGS_H 1
| #define HAVE_INTTYPES_H 1
| #define HAVE_STDINT_H 1
| #define HAVE_UNISTD_H 1
| #define HAVE__BOOL 1
| #define HAVE_STDBOOL_H 1
| #define HAVE_INTTYPES_H 1
| /* end confdefs.h.  */
| 
|     #ifdef HAVE_SASL_SASL_H
|     #include <sasl/sasl.h>
|     #include <sasl/saslplug.h>
|     #endif
| 
| int
| main ()
| {
| 
|     sasl_callback_ft a_callback;
| 
|   ;
|   return 0;
| }
configure:5754: result: no
configure:5766: checking for print macros for integers (C99 section 7.8.1)
configure:5790: gcc -c -g -O2 -pthread -pthread  conftest.c >&5
configure:5790: $? = 0
configure:5798: result: yes
configure:5814: checking for an ANSI C-conforming const
configure:5880: gcc -c -g -O2 -pthread -pthread  conftest.c >&5
configure:5880: $? = 0
configure:5887: result: yes
configure:5898: checking for socklen_t
configure:5920: gcc -c -g -O2 -pthread -pthread  conftest.c >&5
configure:5920: $? = 0
configure:5932: result: yes
configure:5943: checking for endianness
configure:5970: gcc -o conftest -g -O2 -pthread -pthread   conftest.c -levent  >&5
conftest.c: In function 'main':
conftest.c:30:9: warning: implicit declaration of function 'exit' [-Wimplicit-function-declaration]
         exit(*c == 1);
         ^~~~
conftest.c:30:9: warning: incompatible implicit declaration of built-in function 'exit'
conftest.c:30:9: note: include '<stdlib.h>' or provide a declaration of 'exit'
configure:5970: $? = 0
configure:5970: ./conftest
configure:5970: $? = 1
configure: program exited with status 1
configure: failed program was:
| /* confdefs.h */
| #define PACKAGE_NAME "memcached"
| #define PACKAGE_TARNAME "memcached"
| #define PACKAGE_VERSION "1.4.21"
| #define PACKAGE_STRING "memcached 1.4.21"
| #define PACKAGE_BUGREPORT "memcached@googlegroups.com"
| #define PACKAGE_URL ""
| #define PACKAGE "memcached"
| #define VERSION "1.4.21"
| #define STDC_HEADERS 1
| #define HAVE_SYS_TYPES_H 1
| #define HAVE_SYS_STAT_H 1
| #define HAVE_STDLIB_H 1
| #define HAVE_STRING_H 1
| #define HAVE_MEMORY_H 1
| #define HAVE_STRINGS_H 1
| #define HAVE_INTTYPES_H 1
| #define HAVE_STDINT_H 1
| #define HAVE_UNISTD_H 1
| #define HAVE__BOOL 1
| #define HAVE_STDBOOL_H 1
| #define HAVE_INTTYPES_H 1
| /* end confdefs.h.  */
| 
| int
| main ()
| {
|         long val = 1;
|         char *c = (char *) &val;
|         exit(*c == 1);
| 
|   ;
|   return 0;
| }
| 
configure:5985: result: little
configure:6002: checking for htonll
configure:6024: gcc -o conftest -g -O2 -pthread -pthread   conftest.c -levent  >&5
conftest.c:29:23: warning: extra tokens at end of #include directive
 #include <inttypes.h> */
                       ^
conftest.c: In function 'main':
conftest.c:36:18: warning: implicit declaration of function 'htonll' [-Wimplicit-function-declaration]
           return htonll(0);
                  ^~~~~~
/tmp/ccYFr0RP.o: In function `main':
/home/ljy/sigmod21-deneva-zhangq/libmemcached-1.0.14/memcached-1.4.21/conftest.c:36: undefined reference to `htonll'
collect2: error: ld returned 1 exit status
configure:6024: $? = 1
configure: failed program was:
| /* confdefs.h */
| #define PACKAGE_NAME "memcached"
| #define PACKAGE_TARNAME "memcached"
| #define PACKAGE_VERSION "1.4.21"
| #define PACKAGE_STRING "memcached 1.4.21"
| #define PACKAGE_BUGREPORT "memcached@googlegroups.com"
| #define PACKAGE_URL ""
| #define PACKAGE "memcached"
| #define VERSION "1.4.21"
| #define STDC_HEADERS 1
| #define HAVE_SYS_TYPES_H 1
| #define HAVE_SYS_STAT_H 1
| #define HAVE_STDLIB_H 1
| #define HAVE_STRING_H 1
| #define HAVE_MEMORY_H 1
| #define HAVE_STRINGS_H 1
| #define HAVE_INTTYPES_H 1
| #define HAVE_STDINT_H 1
| #define HAVE_UNISTD_H 1
| #define HAVE__BOOL 1
| #define HAVE_STDBOOL_H 1
| #define HAVE_INTTYPES_H 1
| #define ENDIAN_LITTLE 1
| /* end confdefs.h.  */
| 
| #include <sys/types.h>
| #include <netinet/in.h>
| #ifdef HAVE_INTTYPES_H
| #include <inttypes.h> */
| #endif
| 
| int
| main ()
| {
| 
|           return htonll(0);
| 
|   ;
|   return 0;
| }
configure:6039: result: no
configure:6043: checking for library containing pthread_create
configure:6074: gcc -o conftest -g -O2 -pthread -pthread   conftest.c -levent  >&5
configure:6074: $? = 0
configure:6091: result: none required
configure:6105: checking for mlockall
configure:6105: gcc -o conftest -g -O2 -pthread -pthread   conftest.c -levent  >&5
configure:6105: $? = 0
configure:6105: result: yes
configure:6116: checking for getpagesizes
configure:6116: gcc -o conftest -g -O2 -pthread -pthread   conftest.c -levent  >&5
/tmp/ccbEhxb3.o: In function `main':
/home/ljy/sigmod21-deneva-zhangq/libmemcached-1.0.14/memcached-1.4.21/conftest.c:60: undefined reference to `getpagesizes'
collect2: error: ld returned 1 exit status
configure:6116: $? = 1
configure: failed program was:
| /* confdefs.h */
| #define PACKAGE_NAME "memcached"
| #define PACKAGE_TARNAME "memcached"
| #define PACKAGE_VERSION "1.4.21"
| #define PACKAGE_STRING "memcached 1.4.21"
| #define PACKAGE_BUGREPORT "memcached@googlegroups.com"
| #define PACKAGE_URL ""
| #define PACKAGE "memcached"
| #define VERSION "1.4.21"
| #define STDC_HEADERS 1
| #define HAVE_SYS_TYPES_H 1
| #define HAVE_SYS_STAT_H 1
| #define HAVE_STDLIB_H 1
| #define HAVE_STRING_H 1
| #define HAVE_MEMORY_H 1
| #define HAVE_STRINGS_H 1
| #define HAVE_INTTYPES_H 1
| #define HAVE_STDINT_H 1
| #define HAVE_UNISTD_H 1
| #define HAVE__BOOL 1
| #define HAVE_STDBOOL_H 1
| #define HAVE_INTTYPES_H 1
| #define ENDIAN_LITTLE 1
| #define HAVE_MLOCKALL 1
| /* end confdefs.h.  */
| /* Define getpagesizes to an innocuous variant, in case <limits.h> declares getpagesizes.
|    For example, HP-UX 11i <limits.h> declares gettimeofday.  */
| #define getpagesizes innocuous_getpagesizes
| 
| /* System header to define __stub macros and hopefully few prototypes,
|     which can conflict with char getpagesizes (); below.
|     Prefer <limits.h> to <assert.h> if __STDC__ is defined, since
|     <limits.h> exists even on freestanding compilers.  */
| 
| #ifdef __STDC__
| # include <limits.h>
| #else
| # include <assert.h>
| #endif
| 
| #undef getpagesizes
| 
| /* Override any GCC internal prototype to avoid an error.
|    Use char because int might match the return type of a GCC
|    builtin and then its argument prototype would still apply.  */
| #ifdef __cplusplus
| extern "C"
| #endif
| char getpagesizes ();
| /* The GNU C library defines this for functions which it implements
|     to always fail with ENOSYS.  Some functions are actually named
|     something starting with __ and the normal name is an alias.  */
| #if defined __stub_getpagesizes || defined __stub___getpagesizes
| choke me
| #endif
| 
| int
| main ()
| {
| return getpagesizes ();
|   ;
|   return 0;
| }
configure:6116: result: no
configure:6127: checking for memcntl
configure:6127: gcc -o conftest -g -O2 -pthread -pthread   conftest.c -levent  >&5
/tmp/ccredbnb.o: In function `main':
/home/ljy/sigmod21-deneva-zhangq/libmemcached-1.0.14/memcached-1.4.21/conftest.c:60: undefined reference to `memcntl'
collect2: error: ld returned 1 exit status
configure:6127: $? = 1
configure: failed program was:
| /* confdefs.h */
| #define PACKAGE_NAME "memcached"
| #define PACKAGE_TARNAME "memcached"
| #define PACKAGE_VERSION "1.4.21"
| #define PACKAGE_STRING "memcached 1.4.21"
| #define PACKAGE_BUGREPORT "memcached@googlegroups.com"
| #define PACKAGE_URL ""
| #define PACKAGE "memcached"
| #define VERSION "1.4.21"
| #define STDC_HEADERS 1
| #define HAVE_SYS_TYPES_H 1
| #define HAVE_SYS_STAT_H 1
| #define HAVE_STDLIB_H 1
| #define HAVE_STRING_H 1
| #define HAVE_MEMORY_H 1
| #define HAVE_STRINGS_H 1
| #define HAVE_INTTYPES_H 1
| #define HAVE_STDINT_H 1
| #define HAVE_UNISTD_H 1
| #define HAVE__BOOL 1
| #define HAVE_STDBOOL_H 1
| #define HAVE_INTTYPES_H 1
| #define ENDIAN_LITTLE 1
| #define HAVE_MLOCKALL 1
| /* end confdefs.h.  */
| /* Define memcntl to an innocuous variant, in case <limits.h> declares memcntl.
|    For example, HP-UX 11i <limits.h> declares gettimeofday.  */
| #define memcntl innocuous_memcntl
| 
| /* System header to define __stub macros and hopefully few prototypes,
|     which can conflict with char memcntl (); below.
|     Prefer <limits.h> to <assert.h> if __STDC__ is defined, since
|     <limits.h> exists even on freestanding compilers.  */
| 
| #ifdef __STDC__
| # include <limits.h>
| #else
| # include <assert.h>
| #endif
| 
| #undef memcntl
| 
| /* Override any GCC internal prototype to avoid an error.
|    Use char because int might match the return type of a GCC
|    builtin and then its argument prototype would still apply.  */
| #ifdef __cplusplus
| extern "C"
| #endif
| char memcntl ();
| /* The GNU C library defines this for functions which it implements
|     to always fail with ENOSYS.  Some functions are actually named
|     something starting with __ and the normal name is an alias.  */
| #if defined __stub_memcntl || defined __stub___memcntl
| choke me
| #endif
| 
| int
| main ()
| {
| return memcntl ();
|   ;
|   return 0;
| }
configure:6127: result: no
configure:6138: checking for sigignore
configure:6138: gcc -o conftest -g -O2 -pthread -pthread   conftest.c -levent  >&5
configure:6138: $? = 0
configure:6138: result: yes
configure:6149: checking for clock_gettime
configure:6149: gcc -o conftest -g -O2 -pthread -pthread   conftest.c -levent  >&5
configure:6149: $? = 0
configure:6149: result: yes
configure:6160: checking for accept4
configure:6160: gcc -o conftest -g -O2 -pthread -pthread   conftest.c -levent  >&5
configure:6160: $? = 0
configure:6160: result: yes
configure:6174: checking for alignment
configure:6220: gcc -o conftest -g -O2 -pthread -pthread   conftest.c -levent  >&5
configure:6220: $? = 0
configure:6220: ./conftest
configure:6220: $? = 0
configure:6235: result: none
configure:6245: checking for GCC atomics
configure:6263: gcc -o conftest -g -O2 -pthread -pthread   conftest.c -levent  >&5
configure:6263: $? = 0
configure:6271: result: yes
configure:6276: checking for setppriv
configure:6276: gcc -o conftest -g -O2 -pthread -pthread   conftest.c -levent  >&5
/tmp/cc5t7eDX.o: In function `main':
/home/ljy/sigmod21-deneva-zhangq/libmemcached-1.0.14/memcached-1.4.21/conftest.c:65: undefined reference to `setppriv'
collect2: error: ld returned 1 exit status
configure:6276: $? = 1
configure: failed program was:
| /* confdefs.h */
| #define PACKAGE_NAME "memcached"
| #define PACKAGE_TARNAME "memcached"
| #define PACKAGE_VERSION "1.4.21"
| #define PACKAGE_STRING "memcached 1.4.21"
| #define PACKAGE_BUGREPORT "memcached@googlegroups.com"
| #define PACKAGE_URL ""
| #define PACKAGE "memcached"
| #define VERSION "1.4.21"
| #define STDC_HEADERS 1
| #define HAVE_SYS_TYPES_H 1
| #define HAVE_SYS_STAT_H 1
| #define HAVE_STDLIB_H 1
| #define HAVE_STRING_H 1
| #define HAVE_MEMORY_H 1
| #define HAVE_STRINGS_H 1
| #define HAVE_INTTYPES_H 1
| #define HAVE_STDINT_H 1
| #define HAVE_UNISTD_H 1
| #define HAVE__BOOL 1
| #define HAVE_STDBOOL_H 1
| #define HAVE_INTTYPES_H 1
| #define ENDIAN_LITTLE 1
| #define HAVE_MLOCKALL 1
| #define HAVE_SIGIGNORE 1
| #define HAVE_CLOCK_GETTIME 1
| #define HAVE_ACCEPT4 1
| #define HAVE_ACCEPT4 1
| #define HAVE_GCC_ATOMICS 1
| /* end confdefs.h.  */
| /* Define setppriv to an innocuous variant, in case <limits.h> declares setppriv.
|    For example, HP-UX 11i <limits.h> declares gettimeofday.  */
| #define setppriv innocuous_setppriv
| 
| /* System header to define __stub macros and hopefully few prototypes,
|     which can conflict with char setppriv (); below.
|     Prefer <limits.h> to <assert.h> if __STDC__ is defined, since
|     <limits.h> exists even on freestanding compilers.  */
| 
| #ifdef __STDC__
| # include <limits.h>
| #else
| # include <assert.h>
| #endif
| 
| #undef setppriv
| 
| /* Override any GCC internal prototype to avoid an error.
|    Use char because int might match the return type of a GCC
|    builtin and then its argument prototype would still apply.  */
| #ifdef __cplusplus
| extern "C"
| #endif
| char setppriv ();
| /* The GNU C library defines this for functions which it implements
|     to always fail with ENOSYS.  Some functions are actually named
|     something starting with __ and the normal name is an alias.  */
| #if defined __stub_setppriv || defined __stub___setppriv
| choke me
| #endif
| 
| int
| main ()
| {
| return setppriv ();
|   ;
|   return 0;
| }
configure:6276: result: no
configure:6307: checking umem.h usability
configure:6307: gcc -c -g -O2 -pthread -pthread  conftest.c >&5
conftest.c:64:18: fatal error: umem.h: No such file or directory
 #include <umem.h>
                  ^
compilation terminated.
configure:6307: $? = 1
configure: failed program was:
| /* confdefs.h */
| #define PACKAGE_NAME "memcached"
| #define PACKAGE_TARNAME "memcached"
| #define PACKAGE_VERSION "1.4.21"
| #define PACKAGE_STRING "memcached 1.4.21"
| #define PACKAGE_BUGREPORT "memcached@googlegroups.com"
| #define PACKAGE_URL ""
| #define PACKAGE "memcached"
| #define VERSION "1.4.21"
| #define STDC_HEADERS 1
| #define HAVE_SYS_TYPES_H 1
| #define HAVE_SYS_STAT_H 1
| #define HAVE_STDLIB_H 1
| #define HAVE_STRING_H 1
| #define HAVE_MEMORY_H 1
| #define HAVE_STRINGS_H 1
| #define HAVE_INTTYPES_H 1
| #define HAVE_STDINT_H 1
| #define HAVE_UNISTD_H 1
| #define HAVE__BOOL 1
| #define HAVE_STDBOOL_H 1
| #define HAVE_INTTYPES_H 1
| #define ENDIAN_LITTLE 1
| #define HAVE_MLOCKALL 1
| #define HAVE_SIGIGNORE 1
| #define HAVE_CLOCK_GETTIME 1
| #define HAVE_ACCEPT4 1
| #define HAVE_ACCEPT4 1
| #define HAVE_GCC_ATOMICS 1
| /* end confdefs.h.  */
| #include <stdio.h>
| #ifdef HAVE_SYS_TYPES_H
| # include <sys/types.h>
| #endif
| #ifdef HAVE_SYS_STAT_H
| # include <sys/stat.h>
| #endif
| #ifdef STDC_HEADERS
| # include <stdlib.h>
| # include <stddef.h>
| #else
| # ifdef HAVE_STDLIB_H
| #  include <stdlib.h>
| # endif
| #endif
| #ifdef HAVE_STRING_H
| # if !defined STDC_HEADERS && defined HAVE_MEMORY_H
| #  include <memory.h>
| # endif
| # include <string.h>
| #endif
| #ifdef HAVE_STRINGS_H
| # include <strings.h>
| #endif
| #ifdef HAVE_INTTYPES_H
| # include <inttypes.h>
| #endif
| #ifdef HAVE_STDINT_H
| # include <stdint.h>
| #endif
| #ifdef HAVE_UNISTD_H
| # include <unistd.h>
| #endif
| #include <umem.h>
configure:6307: result: no
configure:6307: checking umem.h presence
configure:6307: gcc -E  conftest.c
conftest.c:31:18: fatal error: umem.h: No such file or directory
 #include <umem.h>
                  ^
compilation terminated.
configure:6307: $? = 1
configure: failed program was:
| /* confdefs.h */
| #define PACKAGE_NAME "memcached"
| #define PACKAGE_TARNAME "memcached"
| #define PACKAGE_VERSION "1.4.21"
| #define PACKAGE_STRING "memcached 1.4.21"
| #define PACKAGE_BUGREPORT "memcached@googlegroups.com"
| #define PACKAGE_URL ""
| #define PACKAGE "memcached"
| #define VERSION "1.4.21"
| #define STDC_HEADERS 1
| #define HAVE_SYS_TYPES_H 1
| #define HAVE_SYS_STAT_H 1
| #define HAVE_STDLIB_H 1
| #define HAVE_STRING_H 1
| #define HAVE_MEMORY_H 1
| #define HAVE_STRINGS_H 1
| #define HAVE_INTTYPES_H 1
| #define HAVE_STDINT_H 1
| #define HAVE_UNISTD_H 1
| #define HAVE__BOOL 1
| #define HAVE_STDBOOL_H 1
| #define HAVE_INTTYPES_H 1
| #define ENDIAN_LITTLE 1
| #define HAVE_MLOCKALL 1
| #define HAVE_SIGIGNORE 1
| #define HAVE_CLOCK_GETTIME 1
| #define HAVE_ACCEPT4 1
| #define HAVE_ACCEPT4 1
| #define HAVE_GCC_ATOMICS 1
| /* end confdefs.h.  */
| #include <umem.h>
configure:6307: result: no
configure:6307: checking for umem.h
configure:6307: result: no
configure:6338: checking for xml2rfc
configure:6369: result: no
configure:6379: checking for xsltproc
configure:6397: found /usr/bin/xsltproc
configure:6410: result: /usr/bin/xsltproc
configure:6562: checking that generated files are newer than configure
configure:6568: result: done
configure:6615: creating ./config.status

## ---------------------- ##
## Running config.status. ##
## ---------------------- ##

This file was extended by memcached config.status 1.4.21, which was
generated by GNU Autoconf 2.69.  Invocation command line was

  CONFIG_FILES    = 
  CONFIG_HEADERS  = 
  CONFIG_LINKS    = 
  CONFIG_COMMANDS = 
  $ ./config.status 

on gp-seg4

config.status:896: creating Makefile
config.status:896: creating doc/Makefile
config.status:896: creating config.h
config.status:1125: executing depfiles commands

## ---------------- ##
## Cache variables. ##
## ---------------- ##

ac_cv_build=x86_64-unknown-linux-gnu
ac_cv_c_alignment=none
ac_cv_c_compiler_gnu=yes
ac_cv_c_const=yes
ac_cv_c_endian=little
ac_cv_c_socklen_t=yes
ac_cv_c_uint64_support=yes
ac_cv_env_CC_set=
ac_cv_env_CC_value=
ac_cv_env_CFLAGS_set=
ac_cv_env_CFLAGS_value=
ac_cv_env_CPPFLAGS_set=
ac_cv_env_CPPFLAGS_value=
ac_cv_env_CPP_set=
ac_cv_env_CPP_value=
ac_cv_env_LDFLAGS_set=
ac_cv_env_LDFLAGS_value=
ac_cv_env_LIBS_set=
ac_cv_env_LIBS_value=
ac_cv_env_build_alias_set=
ac_cv_env_build_alias_value=
ac_cv_env_host_alias_set=
ac_cv_env_host_alias_value=
ac_cv_env_target_alias_set=
ac_cv_env_target_alias_value=
ac_cv_func_accept4=yes
ac_cv_func_clock_gettime=yes
ac_cv_func_getpagesizes=no
ac_cv_func_memcntl=no
ac_cv_func_mlockall=yes
ac_cv_func_setppriv=no
ac_cv_func_sigignore=yes
ac_cv_has_sasl_callback_ft=no
ac_cv_have_decl___SUNPRO_C=no
ac_cv_header_inttypes_h=yes
ac_cv_header_memory_h=yes
ac_cv_header_sasl_sasl_h=no
ac_cv_header_stdbool_h=yes
ac_cv_header_stdc=yes
ac_cv_header_stdint_h=yes
ac_cv_header_stdlib_h=yes
ac_cv_header_string_h=yes
ac_cv_header_strings_h=yes
ac_cv_header_sys_stat_h=yes
ac_cv_header_sys_types_h=yes
ac_cv_header_umem_h=no
ac_cv_header_unistd_h=yes
ac_cv_host=x86_64-unknown-linux-gnu
ac_cv_lib_gcov_main=yes
ac_cv_libevent_dir='(system)'
ac_cv_objext=o
ac_cv_path_EGREP='/usr/bin/grep -E'
ac_cv_path_GREP=/usr/bin/grep
ac_cv_path_PROFILER=/usr/bin/gcov
ac_cv_path_XML2RFC=no
ac_cv_path_XSLTPROC=/usr/bin/xsltproc
ac_cv_path_install='/usr/bin/install -c'
ac_cv_path_mkdir=/usr/bin/mkdir
ac_cv_prog_AWK=gawk
ac_cv_prog_CPP='gcc -E'
ac_cv_prog_ac_ct_CC=gcc
ac_cv_prog_cc_c89=
ac_cv_prog_cc_c99=
ac_cv_prog_cc_g=yes
ac_cv_prog_make_make_set=yes
ac_cv_search_clock_gettime='none required'
ac_cv_search_gethostbyname='none required'
ac_cv_search_gethugepagesizes=no
ac_cv_search_pthread_create='none required'
ac_cv_search_socket='none required'
ac_cv_search_umem_cache_create=no
ac_cv_target=x86_64-unknown-linux-gnu
ac_cv_type__Bool=yes
am_cv_CC_dependencies_compiler_type=gcc3
am_cv_make_support_nested_variables=yes
am_cv_prog_cc_c_o=yes

## ----------------- ##
## Output variables. ##
## ----------------- ##

ACLOCAL='${SHELL} /home/ljy/sigmod21-deneva-zhangq/libmemcached-1.0.14/memcached-1.4.21/missing aclocal-1.14'
AMDEPBACKSLASH='\'
AMDEP_FALSE='#'
AMDEP_TRUE=''
AMTAR='$${TAR-tar}'
AM_BACKSLASH='\'
AM_DEFAULT_V='$(AM_DEFAULT_VERBOSITY)'
AM_DEFAULT_VERBOSITY='1'
AM_V='$(V)'
AUTOCONF='${SHELL} /home/ljy/sigmod21-deneva-zhangq/libmemcached-1.0.14/memcached-1.4.21/missing autoconf'
AUTOHEADER='${SHELL} /home/ljy/sigmod21-deneva-zhangq/libmemcached-1.0.14/memcached-1.4.21/missing autoheader'
AUTOMAKE='${SHELL} /home/ljy/sigmod21-deneva-zhangq/libmemcached-1.0.14/memcached-1.4.21/missing automake-1.14'
AWK='gawk'
BUILD_CACHE_FALSE='#'
BUILD_CACHE_TRUE=''
BUILD_DTRACE_FALSE=''
BUILD_DTRACE_TRUE='#'
BUILD_SOLARIS_PRIVS_FALSE=''
BUILD_SOLARIS_PRIVS_TRUE='#'
BUILD_SPECIFICATIONS_FALSE=''
BUILD_SPECIFICATIONS_TRUE='#'
CC='gcc'
CCDEPMODE='depmode=gcc3'
CFLAGS='-g -O2 -pthread -pthread -Wall -Werror -pedantic -Wmissing-prototypes -Wmissing-declarations -Wredundant-decls'
CPP='gcc -E'
CPPFLAGS=''
CYGPATH_W='echo'
DEFS='-DHAVE_CONFIG_H'
DEPDIR='.deps'
DTRACE=''
DTRACEFLAGS=''
DTRACE_INSTRUMENT_OBJ_FALSE=''
DTRACE_INSTRUMENT_OBJ_TRUE='#'
ECHO_C=''
ECHO_N='-n'
ECHO_T=''
EGREP='/usr/bin/grep -E'
ENABLE_SASL=''
ENABLE_SASL_FALSE=''
ENABLE_SASL_TRUE='#'
EXEEXT=''
GREP='/usr/bin/grep'
INSTALL_DATA='${INSTALL} -m 644'
INSTALL_PROGRAM='${INSTALL}'
INSTALL_SCRIPT='${INSTALL}'
INSTALL_STRIP_PROGRAM='$(install_sh) -c -s'
LDFLAGS=''
LIBOBJS=''
LIBS='-levent '
LTLIBOBJS=''
MAKEINFO='${SHELL} /home/ljy/sigmod21-deneva-zhangq/libmemcached-1.0.14/memcached-1.4.21/missing makeinfo'
MKDIR_P='/usr/bin/mkdir -p'
OBJEXT='o'
PACKAGE='memcached'
PACKAGE_BUGREPORT='memcached@googlegroups.com'
PACKAGE_NAME='memcached'
PACKAGE_STRING='memcached 1.4.21'
PACKAGE_TARNAME='memcached'
PACKAGE_URL=''
PACKAGE_VERSION='1.4.21'
PATH_SEPARATOR=':'
PROFILER='/usr/bin/gcov'
PROFILER_FLAGS='-fprofile-arcs -ftest-coverage'
PROFILER_LDFLAGS='-lgcov'
SET_MAKE=''
SHELL='/bin/sh'
STRIP=''
VERSION='1.4.21'
XML2RFC='no'
XSLTPROC='/usr/bin/xsltproc'
ac_ct_CC='gcc'
am__EXEEXT_FALSE=''
am__EXEEXT_TRUE='#'
am__fastdepCC_FALSE='#'
am__fastdepCC_TRUE=''
am__include='include'
am__isrc=''
am__leading_dot='.'
am__nodep='_no'
am__quote=''
am__tar='$${TAR-tar} chof - "$$tardir"'
am__untar='$${TAR-tar} xf -'
bindir='${exec_prefix}/bin'
build='x86_64-unknown-linux-gnu'
build_alias=''
build_cpu='x86_64'
build_os='linux-gnu'
build_vendor='unknown'
datadir='${datarootdir}'
datarootdir='${prefix}/share'
docdir='${datarootdir}/doc/${PACKAGE_TARNAME}'
dvidir='${docdir}'
exec_prefix='${prefix}'
host='x86_64-unknown-linux-gnu'
host_alias=''
host_cpu='x86_64'
host_os='linux-gnu'
host_vendor='unknown'
htmldir='${docdir}'
includedir='${prefix}/include'
infodir='${datarootdir}/info'
install_sh='${SHELL} /home/ljy/sigmod21-deneva-zhangq/libmemcached-1.0.14/memcached-1.4.21/install-sh'
libdir='${exec_prefix}/lib'
libexecdir='${exec_prefix}/libexec'
localedir='${datarootdir}/locale'
localstatedir='${prefix}/var'
mandir='${datarootdir}/man'
mkdir_p='$(MKDIR_P)'
oldincludedir='/usr/include'
pdfdir='${docdir}'
prefix='/usr/local'
program_transform_name='s,x,x,'
psdir='${docdir}'
sbindir='${exec_prefix}/sbin'
sharedstatedir='${prefix}/com'
sysconfdir='${prefix}/etc'
target='x86_64-unknown-linux-gnu'
target_alias=''
target_cpu='x86_64'
target_os='linux-gnu'
target_vendor='unknown'

## ----------- ##
## confdefs.h. ##
## ----------- ##

/* confdefs.h */
#define PACKAGE_NAME "memcached"
#define PACKAGE_TARNAME "memcached"
#define PACKAGE_VERSION "1.4.21"
#define PACKAGE_STRING "memcached 1.4.21"
#define PACKAGE_BUGREPORT "memcached@googlegroups.com"
#define PACKAGE_URL ""
#define PACKAGE "memcached"
#define VERSION "1.4.21"
#define STDC_HEADERS 1
#define HAVE_SYS_TYPES_H 1
#define HAVE_SYS_STAT_H 1
#define HAVE_STDLIB_H 1
#define HAVE_STRING_H 1
#define HAVE_MEMORY_H 1
#define HAVE_STRINGS_H 1
#define HAVE_INTTYPES_H 1
#define HAVE_STDINT_H 1
#define HAVE_UNISTD_H 1
#define HAVE__BOOL 1
#define HAVE_STDBOOL_H 1
#define HAVE_INTTYPES_H 1
#define ENDIAN_LITTLE 1
#define HAVE_MLOCKALL 1
#define HAVE_SIGIGNORE 1
#define HAVE_CLOCK_GETTIME 1
#define HAVE_ACCEPT4 1
#define HAVE_ACCEPT4 1
#define HAVE_GCC_ATOMICS 1
#define _GNU_SOURCE 1

configure: exit 0
